<?xml version="1.0" encoding="UTF-8"?>
<testsuite xmlns:xsi="http://www.w3.org/2001/XMLSchema-instance" xsi:noNamespaceSchemaLocation="https://maven.apache.org/surefire/maven-surefire-plugin/xsd/surefire-test-report.xsd" name="TestSuite" time="3.718" tests="3" errors="0" skipped="0" failures="3">
  <properties>
    <property name="java.specification.version" value="16"/>
    <property name="sun.cpu.isalist" value="amd64"/>
    <property name="sun.jnu.encoding" value="Cp1252"/>
    <property name="java.class.path" value="D:\Notes\zigwheels application\ZigwheelsApplication\target\test-classes;D:\Notes\zigwheels application\ZigwheelsApplication\target\classes;C:\Users\durga.m\.m2\repository\junit\junit\4.11\junit-4.11.jar;C:\Users\durga.m\.m2\repository\org\hamcrest\hamcrest-core\1.3\hamcrest-core-1.3.jar;C:\Users\durga.m\.m2\repository\org\seleniumhq\selenium\selenium-java\3.141.59\selenium-java-3.141.59.jar;C:\Users\durga.m\.m2\repository\org\seleniumhq\selenium\selenium-api\3.141.59\selenium-api-3.141.59.jar;C:\Users\durga.m\.m2\repository\org\seleniumhq\selenium\selenium-chrome-driver\3.141.59\selenium-chrome-driver-3.141.59.jar;C:\Users\durga.m\.m2\repository\org\seleniumhq\selenium\selenium-edge-driver\3.141.59\selenium-edge-driver-3.141.59.jar;C:\Users\durga.m\.m2\repository\org\seleniumhq\selenium\selenium-firefox-driver\3.141.59\selenium-firefox-driver-3.141.59.jar;C:\Users\durga.m\.m2\repository\org\seleniumhq\selenium\selenium-ie-driver\3.141.59\selenium-ie-driver-3.141.59.jar;C:\Users\durga.m\.m2\repository\org\seleniumhq\selenium\selenium-opera-driver\3.141.59\selenium-opera-driver-3.141.59.jar;C:\Users\durga.m\.m2\repository\org\seleniumhq\selenium\selenium-remote-driver\3.141.59\selenium-remote-driver-3.141.59.jar;C:\Users\durga.m\.m2\repository\org\seleniumhq\selenium\selenium-safari-driver\3.141.59\selenium-safari-driver-3.141.59.jar;C:\Users\durga.m\.m2\repository\org\seleniumhq\selenium\selenium-support\3.141.59\selenium-support-3.141.59.jar;C:\Users\durga.m\.m2\repository\net\bytebuddy\byte-buddy\1.8.15\byte-buddy-1.8.15.jar;C:\Users\durga.m\.m2\repository\org\apache\commons\commons-exec\1.3\commons-exec-1.3.jar;C:\Users\durga.m\.m2\repository\com\google\guava\guava\25.0-jre\guava-25.0-jre.jar;C:\Users\durga.m\.m2\repository\com\google\code\findbugs\jsr305\1.3.9\jsr305-1.3.9.jar;C:\Users\durga.m\.m2\repository\org\checkerframework\checker-compat-qual\2.0.0\checker-compat-qual-2.0.0.jar;C:\Users\durga.m\.m2\repository\com\google\errorprone\error_prone_annotations\2.1.3\error_prone_annotations-2.1.3.jar;C:\Users\durga.m\.m2\repository\com\google\j2objc\j2objc-annotations\1.1\j2objc-annotations-1.1.jar;C:\Users\durga.m\.m2\repository\org\codehaus\mojo\animal-sniffer-annotations\1.14\animal-sniffer-annotations-1.14.jar;C:\Users\durga.m\.m2\repository\com\squareup\okhttp3\okhttp\3.11.0\okhttp-3.11.0.jar;C:\Users\durga.m\.m2\repository\com\squareup\okio\okio\1.14.0\okio-1.14.0.jar;C:\Users\durga.m\.m2\repository\org\testng\testng\6.14.3\testng-6.14.3.jar;C:\Users\durga.m\.m2\repository\com\beust\jcommander\1.72\jcommander-1.72.jar;C:\Users\durga.m\.m2\repository\org\apache-extras\beanshell\bsh\2.0b6\bsh-2.0b6.jar;C:\Users\durga.m\.m2\repository\commons-io\commons-io\2.8.0\commons-io-2.8.0.jar;C:\Users\durga.m\.m2\repository\org\apache\poi\poi\3.17\poi-3.17.jar;C:\Users\durga.m\.m2\repository\commons-codec\commons-codec\1.10\commons-codec-1.10.jar;C:\Users\durga.m\.m2\repository\org\apache\commons\commons-collections4\4.1\commons-collections4-4.1.jar;C:\Users\durga.m\.m2\repository\org\apache\poi\poi-ooxml\3.17\poi-ooxml-3.17.jar;C:\Users\durga.m\.m2\repository\org\apache\poi\poi-ooxml-schemas\3.17\poi-ooxml-schemas-3.17.jar;C:\Users\durga.m\.m2\repository\org\apache\xmlbeans\xmlbeans\2.6.0\xmlbeans-2.6.0.jar;C:\Users\durga.m\.m2\repository\stax\stax-api\1.0.1\stax-api-1.0.1.jar;C:\Users\durga.m\.m2\repository\com\github\virtuald\curvesapi\1.04\curvesapi-1.04.jar;C:\Users\durga.m\.m2\repository\com\aventstack\extentreports\5.0.5\extentreports-5.0.5.jar;C:\Users\durga.m\.m2\repository\io\reactivex\rxjava3\rxjava\3.0.4\rxjava-3.0.4.jar;C:\Users\durga.m\.m2\repository\org\reactivestreams\reactive-streams\1.0.3\reactive-streams-1.0.3.jar;C:\Users\durga.m\.m2\repository\org\freemarker\freemarker\2.3.30\freemarker-2.3.30.jar;C:\Users\durga.m\.m2\repository\org\projectlombok\lombok\1.18.12\lombok-1.18.12.jar;C:\Users\durga.m\.m2\repository\com\google\code\gson\gson\2.8.6\gson-2.8.6.jar;"/>
    <property name="java.vm.vendor" value="Oracle Corporation"/>
    <property name="sun.arch.data.model" value="64"/>
    <property name="user.variant" value=""/>
    <property name="java.vendor.url" value="https://java.oracle.com/"/>
    <property name="user.timezone" value="Asia/Calcutta"/>
    <property name="os.name" value="Windows 10"/>
    <property name="java.vm.specification.version" value="16"/>
    <property name="sun.java.launcher" value="SUN_STANDARD"/>
    <property name="user.country" value="IN"/>
    <property name="sun.boot.library.path" value="C:\Users\durga.m\.p2\pool\plugins\org.eclipse.justj.openjdk.hotspot.jre.full.win32.x86_64_16.0.1.v20210528-1205\jre\bin"/>
    <property name="sun.java.command" value="C:\Users\durga.m\AppData\Local\Temp\surefire733226356915649572\surefirebooter16125193960115417891.jar C:\Users\durga.m\AppData\Local\Temp\surefire733226356915649572 2021-07-08T14-32-18_146-jvmRun1 surefire6747705931701835260tmp surefire_0449809663581370457tmp"/>
    <property name="jdk.debug" value="release"/>
    <property name="surefire.test.class.path" value="D:\Notes\zigwheels application\ZigwheelsApplication\target\test-classes;D:\Notes\zigwheels application\ZigwheelsApplication\target\classes;C:\Users\durga.m\.m2\repository\junit\junit\4.11\junit-4.11.jar;C:\Users\durga.m\.m2\repository\org\hamcrest\hamcrest-core\1.3\hamcrest-core-1.3.jar;C:\Users\durga.m\.m2\repository\org\seleniumhq\selenium\selenium-java\3.141.59\selenium-java-3.141.59.jar;C:\Users\durga.m\.m2\repository\org\seleniumhq\selenium\selenium-api\3.141.59\selenium-api-3.141.59.jar;C:\Users\durga.m\.m2\repository\org\seleniumhq\selenium\selenium-chrome-driver\3.141.59\selenium-chrome-driver-3.141.59.jar;C:\Users\durga.m\.m2\repository\org\seleniumhq\selenium\selenium-edge-driver\3.141.59\selenium-edge-driver-3.141.59.jar;C:\Users\durga.m\.m2\repository\org\seleniumhq\selenium\selenium-firefox-driver\3.141.59\selenium-firefox-driver-3.141.59.jar;C:\Users\durga.m\.m2\repository\org\seleniumhq\selenium\selenium-ie-driver\3.141.59\selenium-ie-driver-3.141.59.jar;C:\Users\durga.m\.m2\repository\org\seleniumhq\selenium\selenium-opera-driver\3.141.59\selenium-opera-driver-3.141.59.jar;C:\Users\durga.m\.m2\repository\org\seleniumhq\selenium\selenium-remote-driver\3.141.59\selenium-remote-driver-3.141.59.jar;C:\Users\durga.m\.m2\repository\org\seleniumhq\selenium\selenium-safari-driver\3.141.59\selenium-safari-driver-3.141.59.jar;C:\Users\durga.m\.m2\repository\org\seleniumhq\selenium\selenium-support\3.141.59\selenium-support-3.141.59.jar;C:\Users\durga.m\.m2\repository\net\bytebuddy\byte-buddy\1.8.15\byte-buddy-1.8.15.jar;C:\Users\durga.m\.m2\repository\org\apache\commons\commons-exec\1.3\commons-exec-1.3.jar;C:\Users\durga.m\.m2\repository\com\google\guava\guava\25.0-jre\guava-25.0-jre.jar;C:\Users\durga.m\.m2\repository\com\google\code\findbugs\jsr305\1.3.9\jsr305-1.3.9.jar;C:\Users\durga.m\.m2\repository\org\checkerframework\checker-compat-qual\2.0.0\checker-compat-qual-2.0.0.jar;C:\Users\durga.m\.m2\repository\com\google\errorprone\error_prone_annotations\2.1.3\error_prone_annotations-2.1.3.jar;C:\Users\durga.m\.m2\repository\com\google\j2objc\j2objc-annotations\1.1\j2objc-annotations-1.1.jar;C:\Users\durga.m\.m2\repository\org\codehaus\mojo\animal-sniffer-annotations\1.14\animal-sniffer-annotations-1.14.jar;C:\Users\durga.m\.m2\repository\com\squareup\okhttp3\okhttp\3.11.0\okhttp-3.11.0.jar;C:\Users\durga.m\.m2\repository\com\squareup\okio\okio\1.14.0\okio-1.14.0.jar;C:\Users\durga.m\.m2\repository\org\testng\testng\6.14.3\testng-6.14.3.jar;C:\Users\durga.m\.m2\repository\com\beust\jcommander\1.72\jcommander-1.72.jar;C:\Users\durga.m\.m2\repository\org\apache-extras\beanshell\bsh\2.0b6\bsh-2.0b6.jar;C:\Users\durga.m\.m2\repository\commons-io\commons-io\2.8.0\commons-io-2.8.0.jar;C:\Users\durga.m\.m2\repository\org\apache\poi\poi\3.17\poi-3.17.jar;C:\Users\durga.m\.m2\repository\commons-codec\commons-codec\1.10\commons-codec-1.10.jar;C:\Users\durga.m\.m2\repository\org\apache\commons\commons-collections4\4.1\commons-collections4-4.1.jar;C:\Users\durga.m\.m2\repository\org\apache\poi\poi-ooxml\3.17\poi-ooxml-3.17.jar;C:\Users\durga.m\.m2\repository\org\apache\poi\poi-ooxml-schemas\3.17\poi-ooxml-schemas-3.17.jar;C:\Users\durga.m\.m2\repository\org\apache\xmlbeans\xmlbeans\2.6.0\xmlbeans-2.6.0.jar;C:\Users\durga.m\.m2\repository\stax\stax-api\1.0.1\stax-api-1.0.1.jar;C:\Users\durga.m\.m2\repository\com\github\virtuald\curvesapi\1.04\curvesapi-1.04.jar;C:\Users\durga.m\.m2\repository\com\aventstack\extentreports\5.0.5\extentreports-5.0.5.jar;C:\Users\durga.m\.m2\repository\io\reactivex\rxjava3\rxjava\3.0.4\rxjava-3.0.4.jar;C:\Users\durga.m\.m2\repository\org\reactivestreams\reactive-streams\1.0.3\reactive-streams-1.0.3.jar;C:\Users\durga.m\.m2\repository\org\freemarker\freemarker\2.3.30\freemarker-2.3.30.jar;C:\Users\durga.m\.m2\repository\org\projectlombok\lombok\1.18.12\lombok-1.18.12.jar;C:\Users\durga.m\.m2\repository\com\google\code\gson\gson\2.8.6\gson-2.8.6.jar;"/>
    <property name="sun.cpu.endian" value="little"/>
    <property name="user.home" value="C:\Users\durga.m"/>
    <property name="user.language" value="en"/>
    <property name="java.specification.vendor" value="Oracle Corporation"/>
    <property name="java.version.date" value="2021-04-20"/>
    <property name="java.home" value="C:\Users\durga.m\.p2\pool\plugins\org.eclipse.justj.openjdk.hotspot.jre.full.win32.x86_64_16.0.1.v20210528-1205\jre"/>
    <property name="file.separator" value="\"/>
    <property name="basedir" value="D:\Notes\zigwheels application\ZigwheelsApplication"/>
    <property name="java.vm.compressedOopsMode" value="Zero based"/>
    <property name="line.separator" value="&#10;"/>
    <property name="java.vm.specification.vendor" value="Oracle Corporation"/>
    <property name="java.specification.name" value="Java Platform API Specification"/>
    <property name="surefire.real.class.path" value="C:\Users\durga.m\AppData\Local\Temp\surefire733226356915649572\surefirebooter16125193960115417891.jar"/>
    <property name="user.script" value=""/>
    <property name="sun.management.compiler" value="HotSpot 64-Bit Tiered Compilers"/>
    <property name="java.runtime.version" value="16.0.1+9-24"/>
    <property name="user.name" value="durga.m"/>
    <property name="path.separator" value=";"/>
    <property name="os.version" value="10.0"/>
    <property name="java.runtime.name" value="OpenJDK Runtime Environment"/>
    <property name="file.encoding" value="Cp1252"/>
    <property name="java.vm.name" value="OpenJDK 64-Bit Server VM"/>
    <property name="localRepository" value="C:\Users\durga.m\.m2\repository"/>
    <property name="java.vendor.url.bug" value="https://bugreport.java.com/bugreport/"/>
    <property name="java.io.tmpdir" value="C:\Users\durga.m\AppData\Local\Temp\"/>
    <property name="java.version" value="16.0.1"/>
    <property name="user.dir" value="D:\Notes\zigwheels application\ZigwheelsApplication"/>
    <property name="os.arch" value="amd64"/>
    <property name="java.vm.specification.name" value="Java Virtual Machine Specification"/>
    <property name="sun.os.patch.level" value=""/>
    <property name="java.library.path" value="C:\Users\durga.m\.p2\pool\plugins\org.eclipse.justj.openjdk.hotspot.jre.full.win32.x86_64_16.0.1.v20210528-1205\jre\bin;C:\Windows\Sun\Java\bin;C:\Windows\system32;C:\Windows;C:/Users/durga.m/.p2/pool/plugins/org.eclipse.justj.openjdk.hotspot.jre.full.win32.x86_64_16.0.1.v20210528-1205/jre/bin/server;C:/Users/durga.m/.p2/pool/plugins/org.eclipse.justj.openjdk.hotspot.jre.full.win32.x86_64_16.0.1.v20210528-1205/jre/bin;C:\Program Files (x86)\Common Files\Oracle\Java\javapath;C:\Windows\system32;C:\Windows;C:\Windows\System32\Wbem;C:\Windows\System32\WindowsPowerShell\v1.0\;C:\Windows\System32\OpenSSH\;C:\Program Files\TortoiseSVN\bin;C:\Program Files\PuTTY\;C:\Users\durga.m\AppData\Local\Microsoft\WindowsApps;;C:\Users\durga.m\Desktop;;."/>
    <property name="java.vm.info" value="mixed mode"/>
    <property name="java.vendor" value="Oracle Corporation"/>
    <property name="java.vm.version" value="16.0.1+9-24"/>
    <property name="sun.io.unicode.encoding" value="UnicodeLittle"/>
    <property name="java.class.version" value="60.0"/>
  </properties>
  <testcase name="invokedriver" classname="com.bikes.testCases.BikeDetailsTest" time="1.206">
    <failure message="session not created: This version of ChromeDriver only supports Chrome version 89&#10;Current browser version is 91.0.4472.124 with binary path C:\Program Files\Google\Chrome\Application\chrome.exe&#10;Build info: version: &apos;3.141.59&apos;, revision: &apos;e82be7d358&apos;, time: &apos;2018-11-14T08:17:03&apos;&#10;System info: host: &apos;MCKL-20004788&apos;, ip: &apos;192.168.1.7&apos;, os.name: &apos;Windows 10&apos;, os.arch: &apos;amd64&apos;, os.version: &apos;10.0&apos;, java.version: &apos;16.0.1&apos;&#10;Driver info: driver.version: ChromeDriver&#10;remote stacktrace: Backtrace:&#10;	Ordinal0 [0x00E8E7D3+124883]&#10;	Ordinal0 [0x00E8E7B1+124849]&#10;	GetHandleVerifier [0x010D8688+193832]&#10;	GetHandleVerifier [0x010F3AC5+305509]&#10;	GetHandleVerifier [0x010F021B+291003]&#10;	GetHandleVerifier [0x010EE0AC+282444]&#10;	GetHandleVerifier [0x01114A90+440624]&#10;	GetHandleVerifier [0x011147FC+439964]&#10;	GetHandleVerifier [0x0111154B+426987]&#10;	GetHandleVerifier [0x010F4FFD+310941]&#10;	GetHandleVerifier [0x010F5D8E+314414]&#10;	GetHandleVerifier [0x010F5D19+314297]&#10;	GetHandleVerifier [0x011B31EC+1089676]&#10;	GetHandleVerifier [0x011B17C9+1082985]&#10;	GetHandleVerifier [0x011B13A3+1081923]&#10;	GetHandleVerifier [0x012AD9FD+2115741]&#10;	Ordinal0 [0x00FDB82E+1488942]&#10;	Ordinal0 [0x00F75A7D+1071741]&#10;	Ordinal0 [0x00F7559B+1070491]&#10;	Ordinal0 [0x00F754B1+1070257]&#10;	Ordinal0 [0x00FAFF53+1310547]&#10;	BaseThreadInitThunk [0x779EFA29+25]&#10;	RtlGetAppContainerNamedObjectPath [0x77C87A9E+286]&#10;	RtlGetAppContainerNamedObjectPath [0x77C87A6E+238]&#10;" type="org.openqa.selenium.SessionNotCreatedException">org.openqa.selenium.SessionNotCreatedException: 
session not created: This version of ChromeDriver only supports Chrome version 89
Current browser version is 91.0.4472.124 with binary path C:\Program Files\Google\Chrome\Application\chrome.exe
Build info: version: '3.141.59', revision: 'e82be7d358', time: '2018-11-14T08:17:03'
System info: host: 'MCKL-20004788', ip: '192.168.1.7', os.name: 'Windows 10', os.arch: 'amd64', os.version: '10.0', java.version: '16.0.1'
Driver info: driver.version: ChromeDriver
remote stacktrace: Backtrace:
	Ordinal0 [0x00E8E7D3+124883]
	Ordinal0 [0x00E8E7B1+124849]
	GetHandleVerifier [0x010D8688+193832]
	GetHandleVerifier [0x010F3AC5+305509]
	GetHandleVerifier [0x010F021B+291003]
	GetHandleVerifier [0x010EE0AC+282444]
	GetHandleVerifier [0x01114A90+440624]
	GetHandleVerifier [0x011147FC+439964]
	GetHandleVerifier [0x0111154B+426987]
	GetHandleVerifier [0x010F4FFD+310941]
	GetHandleVerifier [0x010F5D8E+314414]
	GetHandleVerifier [0x010F5D19+314297]
	GetHandleVerifier [0x011B31EC+1089676]
	GetHandleVerifier [0x011B17C9+1082985]
	GetHandleVerifier [0x011B13A3+1081923]
	GetHandleVerifier [0x012AD9FD+2115741]
	Ordinal0 [0x00FDB82E+1488942]
	Ordinal0 [0x00F75A7D+1071741]
	Ordinal0 [0x00F7559B+1070491]
	Ordinal0 [0x00F754B1+1070257]
	Ordinal0 [0x00FAFF53+1310547]
	BaseThreadInitThunk [0x779EFA29+25]
	RtlGetAppContainerNamedObjectPath [0x77C87A9E+286]
	RtlGetAppContainerNamedObjectPath [0x77C87A6E+238]

	at com.bikes.testCases.BikeDetailsTest.invokedriver(BikeDetailsTest.java:25)
</failure>
    <system-out><![CDATA[
-------------------------------------------------------------------------------------------------


1)To choose chrome brower for execution ,type-'Chrome'

1)To choose Mozila FireFox brower for execution ,type-'firefox'

1)To choose edge brower for execution ,type-'edge'

1)To exit the execution ,type-'exit'

-------------------------------------------------------------------------------------------------
-------------------------------------------------------------------------------------------------

]]></system-out>
    <system-err><![CDATA[Starting ChromeDriver 89.0.4389.23 (61b08ee2c50024bab004e48d2b1b083cdbdac579-refs/branch-heads/4389@{#294}) on port 19012
Only local connections are allowed.
Please see https://chromedriver.chromium.org/security-considerations for suggestions on keeping ChromeDriver safe.
ChromeDriver was started successfully.
]]></system-err>
  </testcase>
  <testcase name="clickLogin1" classname="com.bikes.testCases.LoginTest" time="0.914">
    <failure message="session not created: This version of ChromeDriver only supports Chrome version 89&#10;Current browser version is 91.0.4472.124 with binary path C:\Program Files\Google\Chrome\Application\chrome.exe&#10;Build info: version: &apos;3.141.59&apos;, revision: &apos;e82be7d358&apos;, time: &apos;2018-11-14T08:17:03&apos;&#10;System info: host: &apos;MCKL-20004788&apos;, ip: &apos;192.168.1.7&apos;, os.name: &apos;Windows 10&apos;, os.arch: &apos;amd64&apos;, os.version: &apos;10.0&apos;, java.version: &apos;16.0.1&apos;&#10;Driver info: driver.version: ChromeDriver&#10;remote stacktrace: Backtrace:&#10;	Ordinal0 [0x00E8E7D3+124883]&#10;	Ordinal0 [0x00E8E7B1+124849]&#10;	GetHandleVerifier [0x010D8688+193832]&#10;	GetHandleVerifier [0x010F3AC5+305509]&#10;	GetHandleVerifier [0x010F021B+291003]&#10;	GetHandleVerifier [0x010EE0AC+282444]&#10;	GetHandleVerifier [0x01114A90+440624]&#10;	GetHandleVerifier [0x011147FC+439964]&#10;	GetHandleVerifier [0x0111154B+426987]&#10;	GetHandleVerifier [0x010F4FFD+310941]&#10;	GetHandleVerifier [0x010F5D8E+314414]&#10;	GetHandleVerifier [0x010F5D19+314297]&#10;	GetHandleVerifier [0x011B31EC+1089676]&#10;	GetHandleVerifier [0x011B17C9+1082985]&#10;	GetHandleVerifier [0x011B13A3+1081923]&#10;	GetHandleVerifier [0x012AD9FD+2115741]&#10;	Ordinal0 [0x00FDB82E+1488942]&#10;	Ordinal0 [0x00F75A7D+1071741]&#10;	Ordinal0 [0x00F7559B+1070491]&#10;	Ordinal0 [0x00F754B1+1070257]&#10;	Ordinal0 [0x00FAFF53+1310547]&#10;	BaseThreadInitThunk [0x779EFA29+25]&#10;	RtlGetAppContainerNamedObjectPath [0x77C87A9E+286]&#10;	RtlGetAppContainerNamedObjectPath [0x77C87A6E+238]&#10;" type="org.openqa.selenium.SessionNotCreatedException">org.openqa.selenium.SessionNotCreatedException: 
session not created: This version of ChromeDriver only supports Chrome version 89
Current browser version is 91.0.4472.124 with binary path C:\Program Files\Google\Chrome\Application\chrome.exe
Build info: version: '3.141.59', revision: 'e82be7d358', time: '2018-11-14T08:17:03'
System info: host: 'MCKL-20004788', ip: '192.168.1.7', os.name: 'Windows 10', os.arch: 'amd64', os.version: '10.0', java.version: '16.0.1'
Driver info: driver.version: ChromeDriver
remote stacktrace: Backtrace:
	Ordinal0 [0x00E8E7D3+124883]
	Ordinal0 [0x00E8E7B1+124849]
	GetHandleVerifier [0x010D8688+193832]
	GetHandleVerifier [0x010F3AC5+305509]
	GetHandleVerifier [0x010F021B+291003]
	GetHandleVerifier [0x010EE0AC+282444]
	GetHandleVerifier [0x01114A90+440624]
	GetHandleVerifier [0x011147FC+439964]
	GetHandleVerifier [0x0111154B+426987]
	GetHandleVerifier [0x010F4FFD+310941]
	GetHandleVerifier [0x010F5D8E+314414]
	GetHandleVerifier [0x010F5D19+314297]
	GetHandleVerifier [0x011B31EC+1089676]
	GetHandleVerifier [0x011B17C9+1082985]
	GetHandleVerifier [0x011B13A3+1081923]
	GetHandleVerifier [0x012AD9FD+2115741]
	Ordinal0 [0x00FDB82E+1488942]
	Ordinal0 [0x00F75A7D+1071741]
	Ordinal0 [0x00F7559B+1070491]
	Ordinal0 [0x00F754B1+1070257]
	Ordinal0 [0x00FAFF53+1310547]
	BaseThreadInitThunk [0x779EFA29+25]
	RtlGetAppContainerNamedObjectPath [0x77C87A9E+286]
	RtlGetAppContainerNamedObjectPath [0x77C87A6E+238]

	at com.bikes.testCases.LoginTest.clickLogin1(LoginTest.java:22)
</failure>
    <system-out><![CDATA[
-------------------------------------------------------------------------------------------------


1)To choose chrome brower for execution ,type-'Chrome'

1)To choose Mozila FireFox brower for execution ,type-'firefox'

1)To choose edge brower for execution ,type-'edge'

1)To exit the execution ,type-'exit'

-------------------------------------------------------------------------------------------------
-------------------------------------------------------------------------------------------------

]]></system-out>
    <system-err><![CDATA[Starting ChromeDriver 89.0.4389.23 (61b08ee2c50024bab004e48d2b1b083cdbdac579-refs/branch-heads/4389@{#294}) on port 21028
Only local connections are allowed.
Please see https://chromedriver.chromium.org/security-considerations for suggestions on keeping ChromeDriver safe.
ChromeDriver was started successfully.
]]></system-err>
  </testcase>
  <testcase name="selectChennai" classname="com.bikes.testCases.UsedCarsTest" time="1.021">
    <failure message="session not created: This version of ChromeDriver only supports Chrome version 89&#10;Current browser version is 91.0.4472.124 with binary path C:\Program Files\Google\Chrome\Application\chrome.exe&#10;Build info: version: &apos;3.141.59&apos;, revision: &apos;e82be7d358&apos;, time: &apos;2018-11-14T08:17:03&apos;&#10;System info: host: &apos;MCKL-20004788&apos;, ip: &apos;192.168.1.7&apos;, os.name: &apos;Windows 10&apos;, os.arch: &apos;amd64&apos;, os.version: &apos;10.0&apos;, java.version: &apos;16.0.1&apos;&#10;Driver info: driver.version: ChromeDriver&#10;remote stacktrace: Backtrace:&#10;	Ordinal0 [0x00E8E7D3+124883]&#10;	Ordinal0 [0x00E8E7B1+124849]&#10;	GetHandleVerifier [0x010D8688+193832]&#10;	GetHandleVerifier [0x010F3AC5+305509]&#10;	GetHandleVerifier [0x010F021B+291003]&#10;	GetHandleVerifier [0x010EE0AC+282444]&#10;	GetHandleVerifier [0x01114A90+440624]&#10;	GetHandleVerifier [0x011147FC+439964]&#10;	GetHandleVerifier [0x0111154B+426987]&#10;	GetHandleVerifier [0x010F4FFD+310941]&#10;	GetHandleVerifier [0x010F5D8E+314414]&#10;	GetHandleVerifier [0x010F5D19+314297]&#10;	GetHandleVerifier [0x011B31EC+1089676]&#10;	GetHandleVerifier [0x011B17C9+1082985]&#10;	GetHandleVerifier [0x011B13A3+1081923]&#10;	GetHandleVerifier [0x012AD9FD+2115741]&#10;	Ordinal0 [0x00FDB82E+1488942]&#10;	Ordinal0 [0x00F75A7D+1071741]&#10;	Ordinal0 [0x00F7559B+1070491]&#10;	Ordinal0 [0x00F754B1+1070257]&#10;	Ordinal0 [0x00FAFF53+1310547]&#10;	BaseThreadInitThunk [0x779EFA29+25]&#10;	RtlGetAppContainerNamedObjectPath [0x77C87A9E+286]&#10;	RtlGetAppContainerNamedObjectPath [0x77C87A6E+238]&#10;" type="org.openqa.selenium.SessionNotCreatedException">org.openqa.selenium.SessionNotCreatedException: 
session not created: This version of ChromeDriver only supports Chrome version 89
Current browser version is 91.0.4472.124 with binary path C:\Program Files\Google\Chrome\Application\chrome.exe
Build info: version: '3.141.59', revision: 'e82be7d358', time: '2018-11-14T08:17:03'
System info: host: 'MCKL-20004788', ip: '192.168.1.7', os.name: 'Windows 10', os.arch: 'amd64', os.version: '10.0', java.version: '16.0.1'
Driver info: driver.version: ChromeDriver
remote stacktrace: Backtrace:
	Ordinal0 [0x00E8E7D3+124883]
	Ordinal0 [0x00E8E7B1+124849]
	GetHandleVerifier [0x010D8688+193832]
	GetHandleVerifier [0x010F3AC5+305509]
	GetHandleVerifier [0x010F021B+291003]
	GetHandleVerifier [0x010EE0AC+282444]
	GetHandleVerifier [0x01114A90+440624]
	GetHandleVerifier [0x011147FC+439964]
	GetHandleVerifier [0x0111154B+426987]
	GetHandleVerifier [0x010F4FFD+310941]
	GetHandleVerifier [0x010F5D8E+314414]
	GetHandleVerifier [0x010F5D19+314297]
	GetHandleVerifier [0x011B31EC+1089676]
	GetHandleVerifier [0x011B17C9+1082985]
	GetHandleVerifier [0x011B13A3+1081923]
	GetHandleVerifier [0x012AD9FD+2115741]
	Ordinal0 [0x00FDB82E+1488942]
	Ordinal0 [0x00F75A7D+1071741]
	Ordinal0 [0x00F7559B+1070491]
	Ordinal0 [0x00F754B1+1070257]
	Ordinal0 [0x00FAFF53+1310547]
	BaseThreadInitThunk [0x779EFA29+25]
	RtlGetAppContainerNamedObjectPath [0x77C87A9E+286]
	RtlGetAppContainerNamedObjectPath [0x77C87A6E+238]

	at com.bikes.testCases.UsedCarsTest.selectChennai(UsedCarsTest.java:22)
</failure>
    <system-out><![CDATA[
-------------------------------------------------------------------------------------------------


1)To choose chrome brower for execution ,type-'Chrome'

1)To choose Mozila FireFox brower for execution ,type-'firefox'

1)To choose edge brower for execution ,type-'edge'

1)To exit the execution ,type-'exit'

-------------------------------------------------------------------------------------------------
-------------------------------------------------------------------------------------------------

]]></system-out>
    <system-err><![CDATA[Starting ChromeDriver 89.0.4389.23 (61b08ee2c50024bab004e48d2b1b083cdbdac579-refs/branch-heads/4389@{#294}) on port 13491
Only local connections are allowed.
Please see https://chromedriver.chromium.org/security-considerations for suggestions on keeping ChromeDriver safe.
ChromeDriver was started successfully.
]]></system-err>
  </testcase>
</testsuite>